<?xml version="1.0" encoding="UTF-8"?>
<!-- Generated by org.testng.reporters.JUnitReportReporter -->
<testsuite hostname="DESKTOP-TNIL84B" failures="0" tests="3" name="com.TarlaDalal.allRecipes.SearchAlpha" time="146.269" errors="0" timestamp="2023-12-18T18:56:20 GMT-05:00" skipped="0">
  <testcase classname="com.TarlaDalal.allRecipes.SearchAlpha" name="testA1" time="78.618"/>
  <testcase classname="com.TarlaDalal.allRecipes.SearchAlpha" name="testA2" time="67.650"/>
  <testcase classname="com.TarlaDalal.allRecipes.SearchAlpha" name="testC9999" time="0.001"/>
</testsuite> <!-- com.TarlaDalal.allRecipes.SearchAlpha -->
