<?xml version="1.0" encoding="UTF-8"?>
<!-- Generated by org.testng.reporters.JUnitReportReporter -->
<testsuite hostname="DESKTOP-TNIL84B" failures="0" tests="1" name="com.TarlaDalal.allRecipes.SearchAlpha" time="1297.375" errors="0" timestamp="2023-12-16T00:41:54 GMT-05:00" skipped="0">
  <testcase classname="com.TarlaDalal.allRecipes.SearchAlpha" name="testA1" time="1297.375"/>
</testsuite> <!-- com.TarlaDalal.allRecipes.SearchAlpha -->
