<?xml version="1.0" encoding="UTF-8"?>
<!-- Generated by org.testng.reporters.JUnitReportReporter -->
<testsuite hostname="DESKTOP-15P8K1F" failures="0" tests="1" name="com.TarlaDalal.allRecipes.SearchAlpha" time="3684.035" errors="0" timestamp="2023-12-16T23:34:05 CST" skipped="0">
  <testcase classname="com.TarlaDalal.allRecipes.SearchAlpha" name="testHypoThyroidism" time="3684.035"/>
  <system-out/>
</testsuite> <!-- com.TarlaDalal.allRecipes.SearchAlpha -->
