<?xml version="1.0" encoding="UTF-8"?>
<!-- Generated by org.testng.reporters.JUnitReportReporter -->
<testsuite hostname="DESKTOP-TNIL84B" failures="0" tests="3" name="com.TarlaDalal.allRecipes.SearchAlpha" time="167.203" errors="0" timestamp="2023-12-18T20:38:24 GMT-05:00" skipped="0">
  <testcase classname="com.TarlaDalal.allRecipes.SearchAlpha" name="testA1" time="85.792"/>
  <testcase classname="com.TarlaDalal.allRecipes.SearchAlpha" name="testA2" time="81.396"/>
  <testcase classname="com.TarlaDalal.allRecipes.SearchAlpha" name="testC9999" time="0.015"/>
</testsuite> <!-- com.TarlaDalal.allRecipes.SearchAlpha -->
