<?xml version="1.0" encoding="UTF-8"?>
<!-- Generated by org.testng.reporters.JUnitReportReporter -->
<testsuite hostname="DESKTOP-E16SH9N" failures="0" tests="1" name="utilities.Browser" time="1.934" errors="0" timestamp="2023-04-20T08:32:50 EDT" skipped="0">
  <testcase classname="utilities.Browser" name="openBrowser" time="1.934"/>
  <system-out/>
</testsuite> <!-- utilities.Browser -->
