<?xml version="1.0" encoding="UTF-8"?>
<!-- Generated by org.testng.reporters.JUnitReportReporter -->
<testsuite hostname="DESKTOP-TNIL84B" failures="0" tests="1" name="com.TarlaDalal.allRecipes.SearchAlpha" time="1562.389" errors="0" timestamp="2023-12-15T14:47:50 GMT-05:00" skipped="0">
  <testcase classname="com.TarlaDalal.allRecipes.SearchAlpha" name="test" time="1562.389"/>
</testsuite> <!-- com.TarlaDalal.allRecipes.SearchAlpha -->
