<?xml version="1.0" encoding="UTF-8"?>
<!-- Generated by org.testng.reporters.JUnitReportReporter -->
<testsuite hostname="DESKTOP-TNIL84B" failures="0" tests="2" name="com.TarlaDalal.allRecipes.SearchAlpha" time="57.836" errors="0" timestamp="2023-12-17T13:29:32 GMT-05:00" skipped="0">
  <testcase classname="com.TarlaDalal.allRecipes.SearchAlpha" name="testC9999" time="1.483"/>
  <testcase classname="com.TarlaDalal.allRecipes.SearchAlpha" name="testA1" time="56.353"/>
</testsuite> <!-- com.TarlaDalal.allRecipes.SearchAlpha -->
