<?xml version="1.0" encoding="UTF-8"?>
<!-- Generated by org.testng.reporters.JUnitReportReporter -->
<testsuite hostname="DESKTOP-TNIL84B" failures="0" tests="1" name="com.TarlaDalal.allRecipes.RecipeCategory" time="13.880" errors="0" timestamp="2023-12-15T23:28:55 GMT-05:00" skipped="0">
  <testcase classname="com.TarlaDalal.allRecipes.RecipeCategory" name="test" time="13.880"/>
</testsuite> <!-- com.TarlaDalal.allRecipes.RecipeCategory -->
