<?xml version="1.0" encoding="UTF-8"?>
<!-- Generated by org.testng.reporters.JUnitReportReporter -->
<testsuite hostname="DESKTOP-TNIL84B" failures="0" tests="2" name="com.TarlaDalal.allRecipes.SearchAlpha" time="60.442" errors="0" timestamp="2023-12-17T11:47:33 GMT-05:00" skipped="0">
  <testcase classname="com.TarlaDalal.allRecipes.SearchAlpha" name="testC9999" time="1.265"/>
  <testcase classname="com.TarlaDalal.allRecipes.SearchAlpha" name="testA1" time="59.177"/>
</testsuite> <!-- com.TarlaDalal.allRecipes.SearchAlpha -->
