<?xml version="1.0" encoding="UTF-8"?>
<!-- Generated by org.testng.reporters.JUnitReportReporter -->
<testsuite hostname="DESKTOP-TNIL84B" failures="0" tests="1" name="com.TarlaDalal.allRecipes.SearchAlpha" time="4.899" errors="0" timestamp="2023-12-13T11:31:19 GMT-05:00" skipped="0">
  <testcase classname="com.TarlaDalal.allRecipes.SearchAlpha" name="test" time="4.899"/>
</testsuite> <!-- com.TarlaDalal.allRecipes.SearchAlpha -->
