<?xml version="1.0" encoding="UTF-8"?>
<!-- Generated by org.testng.reporters.JUnitReportReporter -->
<testsuite hostname="DESKTOP-TNIL84B" failures="0" tests="1" name="com.TarlaDalal.Runner.SearchRecipe" time="1795.591" errors="0" timestamp="2023-12-19T09:06:47 GMT-05:00" skipped="0">
  <testcase classname="com.TarlaDalal.Runner.SearchRecipe" name="testAAPCOS" time="1795.591"/>
</testsuite> <!-- com.TarlaDalal.Runner.SearchRecipe -->
