<?xml version="1.0" encoding="UTF-8"?>
<!-- Generated by org.testng.reporters.JUnitReportReporter -->
<testsuite hostname="DESKTOP-TNIL84B" failures="0" tests="3" name="com.TarlaDalal.allRecipes.SearchAlpha" time="260.375" errors="0" timestamp="2023-12-18T11:52:04 GMT-05:00" skipped="0">
  <testcase classname="com.TarlaDalal.allRecipes.SearchAlpha" name="testA9" time="114.683"/>
  <testcase classname="com.TarlaDalal.allRecipes.SearchAlpha" name="testC9999" time="5.274"/>
  <testcase classname="com.TarlaDalal.allRecipes.SearchAlpha" name="testA1" time="140.418"/>
</testsuite> <!-- com.TarlaDalal.allRecipes.SearchAlpha -->
