<?xml version="1.0" encoding="UTF-8"?>
<!-- Generated by org.testng.reporters.JUnitReportReporter -->
<testsuite hostname="DESKTOP-TNIL84B" failures="0" tests="2" name="com.TarlaDalal.allRecipes.SearchAlpha" time="69.026" errors="0" timestamp="2023-12-18T07:54:01 GMT-05:00" skipped="0">
  <testcase classname="com.TarlaDalal.allRecipes.SearchAlpha" name="testA9" time="64.552"/>
  <testcase classname="com.TarlaDalal.allRecipes.SearchAlpha" name="testC9999" time="4.474"/>
</testsuite> <!-- com.TarlaDalal.allRecipes.SearchAlpha -->
